Line 75: Class MSForms.Label of control Label13 was not a loaded control class.
Line 88: Class MSForms.Label of control Label12 was not a loaded control class.
Line 129: Class MSForms.ListBox of control ListBox1 was not a loaded control class.
Line 146: Class MSForms.TextBox of control TextBox10 was not a loaded control class.
Line 162: Class MSForms.TextBox of control TextBox9 was not a loaded control class.
Line 177: Class MSForms.Label of control Label11 was not a loaded control class.
Line 191: Class MSForms.Label of control Label10 was not a loaded control class.
Line 205: Class MSForms.Label of control Label9 was not a loaded control class.
Line 217: Class MSForms.Label of control Label1 was not a loaded control class.
Line 229: Class MSForms.TextBox of control TextBox8 was not a loaded control class.
Line 242: Class MSForms.Label of control Label8 was not a loaded control class.
Line 254: Class MSForms.TextBox of control TextBox7 was not a loaded control class.
Line 267: Class MSForms.Label of control Label7 was not a loaded control class.
Line 279: Class MSForms.TextBox of control TextBox6 was not a loaded control class.
Line 292: Class MSForms.Label of control Label6 was not a loaded control class.
Line 304: Class MSForms.Label of control Label5 was not a loaded control class.
Line 316: Class MSForms.TextBox of control TextBox5 was not a loaded control class.
Line 330: Class MSForms.TextBox of control TextBox4 was not a loaded control class.
Line 343: Class MSForms.TextBox of control TextBox3 was not a loaded control class.
Line 356: Class MSForms.TextBox of control TextBox2 was not a loaded control class.
Line 369: Class MSForms.Label of control Label4 was not a loaded control class.
Line 381: Class MSForms.Label of control Label3 was not a loaded control class.
Line 393: Class MSForms.Label of control Label2 was not a loaded control class.
Line 405: Class MSForms.TextBox of control TextBox1 was not a loaded control class.
Line 81: The property name Caption in Label13 is invalid.
Line 82: The property name Size in Label13 is invalid.
Line 83: The property name FontHeight in Label13 is invalid.
Line 84: The property name FontCharSet in Label13 is invalid.
Line 85: The property name FontPitchAndFamily in Label13 is invalid.
Line 86: The property name ParagraphAlign in Label13 is invalid.
Line 94: The property name Caption in Label12 is invalid.
Line 95: The property name Size in Label12 is invalid.
Line 96: The property name FontHeight in Label12 is invalid.
Line 97: The property name FontCharSet in Label12 is invalid.
Line 98: The property name FontPitchAndFamily in Label12 is invalid.
Line 99: The property name ParagraphAlign in Label12 is invalid.
Line 136: The property name ScrollBars in ListBox1 is invalid.
Line 137: The property name DisplayStyle in ListBox1 is invalid.
Line 138: The property name Size in ListBox1 is invalid.
Line 139: The property name MatchEntry in ListBox1 is invalid.
Line 140: The property name SpecialEffect in ListBox1 is invalid.
Line 142: The property name FontHeight in ListBox1 is invalid.
Line 143: The property name FontCharSet in ListBox1 is invalid.
Line 144: The property name FontPitchAndFamily in ListBox1 is invalid.
Line 152: The property name VariousPropertyBits in TextBox10 is invalid.
Line 153: The property name Size in TextBox10 is invalid.
Line 154: The property name PasswordChar in TextBox10 is invalid.
Line 155: The property name SpecialEffect in TextBox10 is invalid.
Line 156: The property name FontEffects in TextBox10 is invalid.
Line 157: The property name FontHeight in TextBox10 is invalid.
Line 158: The property name FontCharSet in TextBox10 is invalid.
Line 159: The property name FontPitchAndFamily in TextBox10 is invalid.
Line 160: The property name FontWeight in TextBox10 is invalid.
Line 168: The property name VariousPropertyBits in TextBox9 is invalid.
Line 169: The property name Size in TextBox9 is invalid.
Line 170: The property name SpecialEffect in TextBox9 is invalid.
Line 171: The property name FontEffects in TextBox9 is invalid.
Line 172: The property name FontHeight in TextBox9 is invalid.
Line 173: The property name FontCharSet in TextBox9 is invalid.
Line 174: The property name FontPitchAndFamily in TextBox9 is invalid.
Line 175: The property name FontWeight in TextBox9 is invalid.
Line 183: The property name Caption in Label11 is invalid.
Line 184: The property name Size in Label11 is invalid.
Line 185: The property name FontEffects in Label11 is invalid.
Line 186: The property name FontHeight in Label11 is invalid.
Line 187: The property name FontCharSet in Label11 is invalid.
Line 188: The property name FontPitchAndFamily in Label11 is invalid.
Line 189: The property name FontWeight in Label11 is invalid.
Line 197: The property name Caption in Label10 is invalid.
Line 198: The property name Size in Label10 is invalid.
Line 199: The property name FontEffects in Label10 is invalid.
Line 200: The property name FontHeight in Label10 is invalid.
Line 201: The property name FontCharSet in Label10 is invalid.
Line 202: The property name FontPitchAndFamily in Label10 is invalid.
Line 203: The property name FontWeight in Label10 is invalid.
Line 211: The property name Size in Label9 is invalid.
Line 212: The property name FontHeight in Label9 is invalid.
Line 213: The property name FontCharSet in Label9 is invalid.
Line 214: The property name FontPitchAndFamily in Label9 is invalid.
Line 215: The property name ParagraphAlign in Label9 is invalid.
Line 223: The property name Caption in Label1 is invalid.
Line 224: The property name Size in Label1 is invalid.
Line 225: The property name FontHeight in Label1 is invalid.
Line 226: The property name FontCharSet in Label1 is invalid.
Line 227: The property name FontPitchAndFamily in Label1 is invalid.
Line 235: The property name VariousPropertyBits in TextBox8 is invalid.
Line 236: The property name Size in TextBox8 is invalid.
Line 237: The property name SpecialEffect in TextBox8 is invalid.
Line 238: The property name FontHeight in TextBox8 is invalid.
Line 239: The property name FontCharSet in TextBox8 is invalid.
Line 240: The property name FontPitchAndFamily in TextBox8 is invalid.
Line 248: The property name Caption in Label8 is invalid.
Line 249: The property name Size in Label8 is invalid.
Line 250: The property name FontHeight in Label8 is invalid.
Line 251: The property name FontCharSet in Label8 is invalid.
Line 252: The property name FontPitchAndFamily in Label8 is invalid.
Line 260: The property name VariousPropertyBits in TextBox7 is invalid.
Line 261: The property name Size in TextBox7 is invalid.
Line 262: The property name SpecialEffect in TextBox7 is invalid.
Line 263: The property name FontHeight in TextBox7 is invalid.
Line 264: The property name FontCharSet in TextBox7 is invalid.
Line 265: The property name FontPitchAndFamily in TextBox7 is invalid.
Line 273: The property name Caption in Label7 is invalid.
Line 274: The property name Size in Label7 is invalid.
Line 275: The property name FontHeight in Label7 is invalid.
Line 276: The property name FontCharSet in Label7 is invalid.
Line 277: The property name FontPitchAndFamily in Label7 is invalid.
Line 285: The property name VariousPropertyBits in TextBox6 is invalid.
Line 286: The property name Size in TextBox6 is invalid.
Line 287: The property name SpecialEffect in TextBox6 is invalid.
Line 288: The property name FontHeight in TextBox6 is invalid.
Line 289: The property name FontCharSet in TextBox6 is invalid.
Line 290: The property name FontPitchAndFamily in TextBox6 is invalid.
Line 298: The property name Caption in Label6 is invalid.
Line 299: The property name Size in Label6 is invalid.
Line 300: The property name FontHeight in Label6 is invalid.
Line 301: The property name FontCharSet in Label6 is invalid.
Line 302: The property name FontPitchAndFamily in Label6 is invalid.
Line 310: The property name Caption in Label5 is invalid.
Line 311: The property name Size in Label5 is invalid.
Line 312: The property name FontHeight in Label5 is invalid.
Line 313: The property name FontCharSet in Label5 is invalid.
Line 314: The property name FontPitchAndFamily in Label5 is invalid.
Line 322: The property name VariousPropertyBits in TextBox5 is invalid.
Line 323: The property name Size in TextBox5 is invalid.
Line 324: The property name SpecialEffect in TextBox5 is invalid.
Line 325: The property name FontEffects in TextBox5 is invalid.
Line 326: The property name FontHeight in TextBox5 is invalid.
Line 327: The property name FontCharSet in TextBox5 is invalid.
Line 328: The property name FontPitchAndFamily in TextBox5 is invalid.
Line 336: The property name VariousPropertyBits in TextBox4 is invalid.
Line 337: The property name Size in TextBox4 is invalid.
Line 338: The property name SpecialEffect in TextBox4 is invalid.
Line 339: The property name FontHeight in TextBox4 is invalid.
Line 340: The property name FontCharSet in TextBox4 is invalid.
Line 341: The property name FontPitchAndFamily in TextBox4 is invalid.
Line 349: The property name VariousPropertyBits in TextBox3 is invalid.
Line 350: The property name Size in TextBox3 is invalid.
Line 351: The property name SpecialEffect in TextBox3 is invalid.
Line 352: The property name FontHeight in TextBox3 is invalid.
Line 353: The property name FontCharSet in TextBox3 is invalid.
Line 354: The property name FontPitchAndFamily in TextBox3 is invalid.
Line 362: The property name VariousPropertyBits in TextBox2 is invalid.
Line 363: The property name Size in TextBox2 is invalid.
Line 364: The property name SpecialEffect in TextBox2 is invalid.
Line 365: The property name FontHeight in TextBox2 is invalid.
Line 366: The property name FontCharSet in TextBox2 is invalid.
Line 367: The property name FontPitchAndFamily in TextBox2 is invalid.
Line 375: The property name Caption in Label4 is invalid.
Line 376: The property name Size in Label4 is invalid.
Line 377: The property name FontHeight in Label4 is invalid.
Line 378: The property name FontCharSet in Label4 is invalid.
Line 379: The property name FontPitchAndFamily in Label4 is invalid.
Line 387: The property name Caption in Label3 is invalid.
Line 388: The property name Size in Label3 is invalid.
Line 389: The property name FontHeight in Label3 is invalid.
Line 390: The property name FontCharSet in Label3 is invalid.
Line 391: The property name FontPitchAndFamily in Label3 is invalid.
Line 399: The property name Caption in Label2 is invalid.
Line 400: The property name Size in Label2 is invalid.
Line 401: The property name FontHeight in Label2 is invalid.
Line 402: The property name FontCharSet in Label2 is invalid.
Line 403: The property name FontPitchAndFamily in Label2 is invalid.
Line 411: The property name VariousPropertyBits in TextBox1 is invalid.
Line 412: The property name ScrollBars in TextBox1 is invalid.
Line 413: The property name Size in TextBox1 is invalid.
Line 414: The property name SpecialEffect in TextBox1 is invalid.
Line 416: The property name FontHeight in TextBox1 is invalid.
Line 417: The property name FontCharSet in TextBox1 is invalid.
Line 418: The property name FontPitchAndFamily in TextBox1 is invalid.
