Line 62: Class kannagrafix.jcbutton of control jcbutton1 was not a loaded control class.
Line 113: Class kannagrafix.jcbutton of control cmdOpen was not a loaded control class.
Line 137: Class kannagrafix.jcbutton of control cmdSave was not a loaded control class.
Line 161: Class kannagrafix.jcbutton of control cmdUndo was not a loaded control class.
Line 188: Class kannagrafix.jcbutton of control cmdRedo was not a loaded control class.
Line 68: The property name _ExtentX in jcbutton1 is invalid.
Line 69: The property name _ExtentY in jcbutton1 is invalid.
Line 70: The property name ButtonStyle in jcbutton1 is invalid.
Line 81: The property name Caption in jcbutton1 is invalid.
Line 82: The property name PictureEffectOnOver in jcbutton1 is invalid.
Line 83: The property name PictureEffectOnDown in jcbutton1 is invalid.
Line 84: The property name CaptionEffects in jcbutton1 is invalid.
Line 85: The property name TooltipBackColor in jcbutton1 is invalid.
Line 119: The property name _ExtentX in cmdOpen is invalid.
Line 120: The property name _ExtentY in cmdOpen is invalid.
Line 121: The property name ButtonStyle in cmdOpen is invalid.
Line 132: The property name Caption in cmdOpen is invalid.
Line 133: The property name HandPointer in cmdOpen is invalid.
Line 134: The property name DisabledPictureMode in cmdOpen is invalid.
Line 135: The property name CaptionEffects in cmdOpen is invalid.
Line 143: The property name _ExtentX in cmdSave is invalid.
Line 144: The property name _ExtentY in cmdSave is invalid.
Line 145: The property name ButtonStyle in cmdSave is invalid.
Line 156: The property name Caption in cmdSave is invalid.
Line 157: The property name HandPointer in cmdSave is invalid.
Line 158: The property name DisabledPictureMode in cmdSave is invalid.
Line 159: The property name CaptionEffects in cmdSave is invalid.
Line 167: The property name _ExtentX in cmdUndo is invalid.
Line 168: The property name _ExtentY in cmdUndo is invalid.
Line 169: The property name ButtonStyle in cmdUndo is invalid.
Line 180: The property name Caption in cmdUndo is invalid.
Line 181: The property name HandPointer in cmdUndo is invalid.
Line 182: The property name DisabledPictureMode in cmdUndo is invalid.
Line 183: The property name CaptionEffects in cmdUndo is invalid.
Line 184: The property name TooltipType in cmdUndo is invalid.
Line 185: The property name TooltipTitle in cmdUndo is invalid.
Line 186: The property name TooltipBackColor in cmdUndo is invalid.
Line 194: The property name _ExtentX in cmdRedo is invalid.
Line 195: The property name _ExtentY in cmdRedo is invalid.
Line 196: The property name ButtonStyle in cmdRedo is invalid.
Line 207: The property name Caption in cmdRedo is invalid.
Line 208: The property name HandPointer in cmdRedo is invalid.
Line 209: The property name DisabledPictureMode in cmdRedo is invalid.
Line 210: The property name CaptionEffects in cmdRedo is invalid.
Line 211: The property name TooltipType in cmdRedo is invalid.
Line 212: The property name TooltipTitle in cmdRedo is invalid.
Line 213: The property name TooltipBackColor in cmdRedo is invalid.
